mode: atomic
github.com/robbrockbank/timerheap/timerheap.go:15.22,23.2 3 5
github.com/robbrockbank/timerheap/timerheap.go:39.74,47.72 4 200
github.com/robbrockbank/timerheap/timerheap.go:58.2,58.29 1 200
github.com/robbrockbank/timerheap/timerheap.go:47.72,51.10 1 130
github.com/robbrockbank/timerheap/timerheap.go:52.30,52.30 0 5
github.com/robbrockbank/timerheap/timerheap.go:54.11,54.11 0 125
github.com/robbrockbank/timerheap/timerheap.go:61.53,63.2 1 125
github.com/robbrockbank/timerheap/timerheap.go:65.33,70.2 4 5
github.com/robbrockbank/timerheap/timerheap.go:72.27,74.9 1 5
github.com/robbrockbank/timerheap/timerheap.go:74.9,77.28 3 132
github.com/robbrockbank/timerheap/timerheap.go:80.3,82.16 2 132
github.com/robbrockbank/timerheap/timerheap.go:92.3,95.16 3 127
github.com/robbrockbank/timerheap/timerheap.go:103.3,106.10 2 49
github.com/robbrockbank/timerheap/timerheap.go:77.28,79.4 1 127
github.com/robbrockbank/timerheap/timerheap.go:82.16,83.11 1 5
github.com/robbrockbank/timerheap/timerheap.go:84.18,85.11 1 3
github.com/robbrockbank/timerheap/timerheap.go:86.20,88.25 1 2
github.com/robbrockbank/timerheap/timerheap.go:95.16,96.11 1 78
github.com/robbrockbank/timerheap/timerheap.go:97.32,98.25 1 76
github.com/robbrockbank/timerheap/timerheap.go:99.18,100.11 1 2
github.com/robbrockbank/timerheap/timerheap.go:106.10,107.11 1 50
github.com/robbrockbank/timerheap/timerheap.go:108.18,109.11 1 0
github.com/robbrockbank/timerheap/timerheap.go:110.20,113.76 2 1
github.com/robbrockbank/timerheap/timerheap.go:120.5,121.26 2 1
github.com/robbrockbank/timerheap/timerheap.go:122.16,123.12 1 49
github.com/robbrockbank/timerheap/timerheap.go:113.76,118.26 3 0
github.com/robbrockbank/timerheap/timerheap.go:124.33,125.26 1 49
github.com/robbrockbank/timerheap/timerheap.go:126.19,127.12 1 0
github.com/robbrockbank/timerheap/timerheap.go:142.44,142.61 1 459
github.com/robbrockbank/timerheap/timerheap.go:143.44,143.80 1 1177
github.com/robbrockbank/timerheap/timerheap.go:144.44,144.71 1 658
github.com/robbrockbank/timerheap/timerheap.go:146.45,150.2 1 200
github.com/robbrockbank/timerheap/timerheap.go:152.43,158.2 5 127
github.com/robbrockbank/timerheap/timerheap.go:161.43,164.12 3 201
github.com/robbrockbank/timerheap/timerheap.go:167.2,167.16 1 197
github.com/robbrockbank/timerheap/timerheap.go:164.12,166.3 1 4
